[2018-07-25 10:41:53] local.ERROR: View [welcome] not found. {"exception":"[object] (InvalidArgumentException(code: 0): View [welcome] not found. at /opt/bitnami/apache2/htdocs/expense-app/backend/vendor/laravel/framework/src/Illuminate/View/FileViewFinder.php:137)
[stacktrace]
#0 /opt/bitnami/apache2/htdocs/expense-app/backend/vendor/laravel/framework/src/Illuminate/View/FileViewFinder.php(79): Illuminate\\View\\FileViewFinder->findInPaths('welcome', Array)
#1 /opt/bitnami/apache2/htdocs/expense-app/backend/vendor/laravel/framework/src/Illuminate/View/Factory.php(128): Illuminate\\View\\FileViewFinder->find('welcome')
#2 /opt/bitnami/apache2/htdocs/expense-app/backend/vendor/laravel/framework/src/Illuminate/Foundation/helpers.php(999): Illuminate\\View\\Factory->make('welcome', Array, Array)
#3 /opt/bitnami/apache2/htdocs/expense-app/backend/routes/web.php(15): view('welcome')
#4 /opt/bitnami/apache2/htdocs/expense-app/backend/vendor/laravel/framework/src/Illuminate/Routing/Route.php(198): Illuminate\\Routing\\Router->{closure}()
#5 /opt/bitnami/apache2/htdocs/expense-app/backend/vendor/laravel/framework/src/Illuminate/Routing/Route.php(172): Illuminate\\Routing\\Route->runCallable()
#6 /opt/bitnami/apache2/htdocs/expense-app/backend/vendor/laravel/framework/src/Illuminate/Routing/Router.php(659): Illuminate\\Routing\\Route->run()
#7 /opt/bitnami/apache2/htdocs/expense-app/backend/vendor/laravel/framework/src/Illuminate/Routing/Pipeline.php(30): Illuminate\\Routing\\Router->Illuminate\\Routing\\{closure}(Object(Illuminate\\Http\\Request))
#8 /opt/bitnami/apache2/htdocs/expense-app/backend/vendor/laravel/framework/src/Illuminate/Routing/Middleware/SubstituteBindings.php(41): Illuminate\\Routing\\Pipeline->Illuminate\\Routing\\{closure}(Object(Illuminate\\Http\\Request))
#9 /opt/bitnami/apache2/htdocs/expense-app/backend/vendor/laravel/framework/src/Illuminate/Pipeline/Pipeline.php(151): Illuminate\\Routing\\Middleware\\SubstituteBindings->handle(Object(Illuminate\\Http\\Request), Object(Closure))
#10 /opt/bitnami/apache2/htdocs/expense-app/backend/vendor/laravel/framework/src/Illuminate/Routing/Pipeline.php(53): Illuminate\\Pipeline\\Pipeline->Illuminate\\Pipeline\\{closure}(Object(Illuminate\\Http\\Request))
#11 /opt/bitnami/apache2/htdocs/expense-app/backend/vendor/laravel/framework/src/Illuminate/Foundation/Http/Middleware/VerifyCsrfToken.php(67): Illuminate\\Routing\\Pipeline->Illuminate\\Routing\\{closure}(Object(Illuminate\\Http\\Request))
#12 /opt/bitnami/apache2/htdocs/expense-app/backend/vendor/laravel/framework/src/Illuminate/Pipeline/Pipeline.php(151): Illuminate\\Foundation\\Http\\Middleware\\VerifyCsrfToken->handle(Object(Illuminate\\Http\\Request), Object(Closure))
#13 /opt/bitnami/apache2/htdocs/expense-app/backend/vendor/laravel/framework/src/Illuminate/Routing/Pipeline.php(53): Illuminate\\Pipeline\\Pipeline->Illuminate\\Pipeline\\{closure}(Object(Illuminate\\Http\\Request))
#14 /opt/bitnami/apache2/htdocs/expense-app/backend/vendor/laravel/framework/src/Illuminate/View/Middleware/ShareErrorsFromSession.php(49): Illuminate\\Routing\\Pipeline->Illuminate\\Routing\\{closure}(Object(Illuminate\\Http\\Request))
#15 /opt/bitnami/apache2/htdocs/expense-app/backend/vendor/laravel/framework/src/Illuminate/Pipeline/Pipeline.php(151): Illuminate\\View\\Middleware\\ShareErrorsFromSession->handle(Object(Illuminate\\Http\\Request), Object(Closure))
#16 /opt/bitnami/apache2/htdocs/expense-app/backend/vendor/laravel/framework/src/Illuminate/Routing/Pipeline.php(53): Illuminate\\Pipeline\\Pipeline->Illuminate\\Pipeline\\{closure}(Object(Illuminate\\Http\\Request))
#17 /opt/bitnami/apache2/htdocs/expense-app/backend/vendor/laravel/framework/src/Illuminate/Session/Middleware/StartSession.php(63): Illuminate\\Routing\\Pipeline->Illuminate\\Routing\\{closure}(Object(Illuminate\\Http\\Request))
#18 /opt/bitnami/apache2/htdocs/expense-app/backend/vendor/laravel/framework/src/Illuminate/Pipeline/Pipeline.php(151): Illuminate\\Session\\Middleware\\StartSession->handle(Object(Illuminate\\Http\\Request), Object(Closure))
#19 /opt/bitnami/apache2/htdocs/expense-app/backend/vendor/laravel/framework/src/Illuminate/Routing/Pipeline.php(53): Illuminate\\Pipeline\\Pipeline->Illuminate\\Pipeline\\{closure}(Object(Illuminate\\Http\\Request))
#20 /opt/bitnami/apache2/htdocs/expense-app/backend/vendor/laravel/framework/src/Illuminate/Cookie/Middleware/AddQueuedCookiesToResponse.php(37): Illuminate\\Routing\\Pipeline->Illuminate\\Routing\\{closure}(Object(Illuminate\\Http\\Request))
#21 /opt/bitnami/apache2/htdocs/expense-app/backend/vendor/laravel/framework/src/Illuminate/Pipeline/Pipeline.php(151): Illuminate\\Cookie\\Middleware\\AddQueuedCookiesToResponse->handle(Object(Illuminate\\Http\\Request), Object(Closure))
#22 /opt/bitnami/apache2/htdocs/expense-app/backend/vendor/laravel/framework/src/Illuminate/Routing/Pipeline.php(53): Illuminate\\Pipeline\\Pipeline->Illuminate\\Pipeline\\{closure}(Object(Illuminate\\Http\\Request))
#23 /opt/bitnami/apache2/htdocs/expense-app/backend/vendor/laravel/framework/src/Illuminate/Cookie/Middleware/EncryptCookies.php(59): Illuminate\\Routing\\Pipeline->Illuminate\\Routing\\{closure}(Object(Illuminate\\Http\\Request))
#24 /opt/bitnami/apache2/htdocs/expense-app/backend/vendor/laravel/framework/src/Illuminate/Pipeline/Pipeline.php(151): Illuminate\\Cookie\\Middleware\\EncryptCookies->handle(Object(Illuminate\\Http\\Request), Object(Closure))
#25 /opt/bitnami/apache2/htdocs/expense-app/backend/vendor/laravel/framework/src/Illuminate/Routing/Pipeline.php(53): Illuminate\\Pipeline\\Pipeline->Illuminate\\Pipeline\\{closure}(Object(Illuminate\\Http\\Request))
#26 /opt/bitnami/apache2/htdocs/expense-app/backend/vendor/laravel/framework/src/Illuminate/Pipeline/Pipeline.php(104): Illuminate\\Routing\\Pipeline->Illuminate\\Routing\\{closure}(Object(Illuminate\\Http\\Request))
#27 /opt/bitnami/apache2/htdocs/expense-app/backend/vendor/laravel/framework/src/Illuminate/Routing/Router.php(661): Illuminate\\Pipeline\\Pipeline->then(Object(Closure))
#28 /opt/bitnami/apache2/htdocs/expense-app/backend/vendor/laravel/framework/src/Illuminate/Routing/Router.php(636): Illuminate\\Routing\\Router->runRouteWithinStack(Object(Illuminate\\Routing\\Route), Object(Illuminate\\Http\\Request))
#29 /opt/bitnami/apache2/htdocs/expense-app/backend/vendor/laravel/framework/src/Illuminate/Routing/Router.php(602): Illuminate\\Routing\\Router->runRoute(Object(Illuminate\\Http\\Request), Object(Illuminate\\Routing\\Route))
#30 /opt/bitnami/apache2/htdocs/expense-app/backend/vendor/laravel/framework/src/Illuminate/Routing/Router.php(591): Illuminate\\Routing\\Router->dispatchToRoute(Object(Illuminate\\Http\\Request))
#31 /opt/bitnami/apache2/htdocs/expense-app/backend/vendor/laravel/framework/src/Illuminate/Foundation/Http/Kernel.php(176): Illuminate\\Routing\\Router->dispatch(Object(Illuminate\\Http\\Request))
#32 /opt/bitnami/apache2/htdocs/expense-app/backend/vendor/laravel/framework/src/Illuminate/Routing/Pipeline.php(30): Illuminate\\Foundation\\Http\\Kernel->Illuminate\\Foundation\\Http\\{closure}(Object(Illuminate\\Http\\Request))
#33 /opt/bitnami/apache2/htdocs/expense-app/backend/vendor/barryvdh/laravel-cors/src/HandleCors.php(36): Illuminate\\Routing\\Pipeline->Illuminate\\Routing\\{closure}(Object(Illuminate\\Http\\Request))
#34 /opt/bitnami/apache2/htdocs/expense-app/backend/vendor/laravel/framework/src/Illuminate/Pipeline/Pipeline.php(151): Barryvdh\\Cors\\HandleCors->handle(Object(Illuminate\\Http\\Request), Object(Closure))
#35 /opt/bitnami/apache2/htdocs/expense-app/backend/vendor/laravel/framework/src/Illuminate/Routing/Pipeline.php(53): Illuminate\\Pipeline\\Pipeline->Illuminate\\Pipeline\\{closure}(Object(Illuminate\\Http\\Request))
#36 /opt/bitnami/apache2/htdocs/expense-app/backend/vendor/fideloper/proxy/src/TrustProxies.php(57): Illuminate\\Routing\\Pipeline->Illuminate\\Routing\\{closure}(Object(Illuminate\\Http\\Request))
#37 /opt/bitnami/apache2/htdocs/expense-app/backend/vendor/laravel/framework/src/Illuminate/Pipeline/Pipeline.php(151): Fideloper\\Proxy\\TrustProxies->handle(Object(Illuminate\\Http\\Request), Object(Closure))
#38 /opt/bitnami/apache2/htdocs/expense-app/backend/vendor/laravel/framework/src/Illuminate/Routing/Pipeline.php(53): Illuminate\\Pipeline\\Pipeline->Illuminate\\Pipeline\\{closure}(Object(Illuminate\\Http\\Request))
#39 /opt/bitnami/apache2/htdocs/expense-app/backend/vendor/laravel/framework/src/Illuminate/Foundation/Http/Middleware/TransformsRequest.php(31): Illuminate\\Routing\\Pipeline->Illuminate\\Routing\\{closure}(Object(Illuminate\\Http\\Request))
#40 /opt/bitnami/apache2/htdocs/expense-app/backend/vendor/laravel/framework/src/Illuminate/Pipeline/Pipeline.php(151): Illuminate\\Foundation\\Http\\Middleware\\TransformsRequest->handle(Object(Illuminate\\Http\\Request), Object(Closure))
#41 /opt/bitnami/apache2/htdocs/expense-app/backend/vendor/laravel/framework/src/Illuminate/Routing/Pipeline.php(53): Illuminate\\Pipeline\\Pipeline->Illuminate\\Pipeline\\{closure}(Object(Illuminate\\Http\\Request))
#42 /opt/bitnami/apache2/htdocs/expense-app/backend/vendor/laravel/framework/src/Illuminate/Foundation/Http/Middleware/TransformsRequest.php(31): Illuminate\\Routing\\Pipeline->Illuminate\\Routing\\{closure}(Object(Illuminate\\Http\\Request))
#43 /opt/bitnami/apache2/htdocs/expense-app/backend/vendor/laravel/framework/src/Illuminate/Pipeline/Pipeline.php(151): Illuminate\\Foundation\\Http\\Middleware\\TransformsRequest->handle(Object(Illuminate\\Http\\Request), Object(Closure))
#44 /opt/bitnami/apache2/htdocs/expense-app/backend/vendor/laravel/framework/src/Illuminate/Routing/Pipeline.php(53): Illuminate\\Pipeline\\Pipeline->Illuminate\\Pipeline\\{closure}(Object(Illuminate\\Http\\Request))
#45 /opt/bitnami/apache2/htdocs/expense-app/backend/vendor/laravel/framework/src/Illuminate/Foundation/Http/Middleware/ValidatePostSize.php(27): Illuminate\\Routing\\Pipeline->Illuminate\\Routing\\{closure}(Object(Illuminate\\Http\\Request))
#46 /opt/bitnami/apache2/htdocs/expense-app/backend/vendor/laravel/framework/src/Illuminate/Pipeline/Pipeline.php(151): Illuminate\\Foundation\\Http\\Middleware\\ValidatePostSize->handle(Object(Illuminate\\Http\\Request), Object(Closure))
#47 /opt/bitnami/apache2/htdocs/expense-app/backend/vendor/laravel/framework/src/Illuminate/Routing/Pipeline.php(53): Illuminate\\Pipeline\\Pipeline->Illuminate\\Pipeline\\{closure}(Object(Illuminate\\Http\\Request))
#48 /opt/bitnami/apache2/htdocs/expense-app/backend/vendor/laravel/framework/src/Illuminate/Foundation/Http/Middleware/CheckForMaintenanceMode.php(51): Illuminate\\Routing\\Pipeline->Illuminate\\Routing\\{closure}(Object(Illuminate\\Http\\Request))
#49 /opt/bitnami/apache2/htdocs/expense-app/backend/vendor/laravel/framework/src/Illuminate/Pipeline/Pipeline.php(151): Illuminate\\Foundation\\Http\\Middleware\\CheckForMaintenanceMode->handle(Object(Illuminate\\Http\\Request), Object(Closure))
#50 /opt/bitnami/apache2/htdocs/expense-app/backend/vendor/laravel/framework/src/Illuminate/Routing/Pipeline.php(53): Illuminate\\Pipeline\\Pipeline->Illuminate\\Pipeline\\{closure}(Object(Illuminate\\Http\\Request))
#51 /opt/bitnami/apache2/htdocs/expense-app/backend/vendor/laravel/framework/src/Illuminate/Pipeline/Pipeline.php(104): Illuminate\\Routing\\Pipeline->Illuminate\\Routing\\{closure}(Object(Illuminate\\Http\\Request))
#52 /opt/bitnami/apache2/htdocs/expense-app/backend/vendor/laravel/framework/src/Illuminate/Foundation/Http/Kernel.php(151): Illuminate\\Pipeline\\Pipeline->then(Object(Closure))
#53 /opt/bitnami/apache2/htdocs/expense-app/backend/vendor/laravel/framework/src/Illuminate/Foundation/Http/Kernel.php(116): Illuminate\\Foundation\\Http\\Kernel->sendRequestThroughRouter(Object(Illuminate\\Http\\Request))
#54 /opt/bitnami/apache2/htdocs/expense-app/backend/public/index.php(55): Illuminate\\Foundation\\Http\\Kernel->handle(Object(Illuminate\\Http\\Request))
#55 {main}
"} 
[2018-07-25 10:41:57] local.ERROR: file_put_contents(C:\xampp\htdocs\Expense Management\backend\storage\framework/sessions/g6b2Jslw9Pg0yAcSjkT3PnOIc4sdX2ndKMZAskAP): failed to open stream: No such file or directory {"exception":"[object] (ErrorException(code: 0): file_put_contents(C:\\xampp\\htdocs\\Expense Management\\backend\\storage\\framework/sessions/g6b2Jslw9Pg0yAcSjkT3PnOIc4sdX2ndKMZAskAP): failed to open stream: No such file or directory at /opt/bitnami/apache2/htdocs/expense-app/backend/vendor/laravel/framework/src/Illuminate/Filesystem/Filesystem.php:122)
[stacktrace]
#0 [internal function]: Illuminate\\Foundation\\Bootstrap\\HandleExceptions->handleError(2, 'file_put_conten...', '/opt/bitnami/ap...', 122, Array)
#1 /opt/bitnami/apache2/htdocs/expense-app/backend/vendor/laravel/framework/src/Illuminate/Filesystem/Filesystem.php(122): file_put_contents('C:\\\\xampp\\\\htdocs...', 'a:3:{s:6:\"_toke...', 2)
#2 /opt/bitnami/apache2/htdocs/expense-app/backend/vendor/laravel/framework/src/Illuminate/Session/FileSessionHandler.php(83): Illuminate\\Filesystem\\Filesystem->put('C:\\\\xampp\\\\htdocs...', 'a:3:{s:6:\"_toke...', true)
#3 /opt/bitnami/apache2/htdocs/expense-app/backend/vendor/laravel/framework/src/Illuminate/Session/Store.php(129): Illuminate\\Session\\FileSessionHandler->write('g6b2Jslw9Pg0yAc...', 'a:3:{s:6:\"_toke...')
#4 /opt/bitnami/apache2/htdocs/expense-app/backend/vendor/laravel/framework/src/Illuminate/Session/Middleware/StartSession.php(87): Illuminate\\Session\\Store->save()
#5 /opt/bitnami/apache2/htdocs/expense-app/backend/vendor/laravel/framework/src/Illuminate/Foundation/Http/Kernel.php(218): Illuminate\\Session\\Middleware\\StartSession->terminate(Object(Illuminate\\Http\\Request), Object(Illuminate\\Http\\Response))
#6 /opt/bitnami/apache2/htdocs/expense-app/backend/vendor/laravel/framework/src/Illuminate/Foundation/Http/Kernel.php(189): Illuminate\\Foundation\\Http\\Kernel->terminateMiddleware(Object(Illuminate\\Http\\Request), Object(Illuminate\\Http\\Response))
#7 /opt/bitnami/apache2/htdocs/expense-app/backend/public/index.php(60): Illuminate\\Foundation\\Http\\Kernel->terminate(Object(Illuminate\\Http\\Request), Object(Illuminate\\Http\\Response))
#8 {main}
"} 
[2018-07-25 10:43:05] local.ERROR: View [welcome] not found. {"exception":"[object] (InvalidArgumentException(code: 0): View [welcome] not found. at /opt/bitnami/apache2/htdocs/expense-app/backend/vendor/laravel/framework/src/Illuminate/View/FileViewFinder.php:137)
[stacktrace]
#0 /opt/bitnami/apache2/htdocs/expense-app/backend/vendor/laravel/framework/src/Illuminate/View/FileViewFinder.php(79): Illuminate\\View\\FileViewFinder->findInPaths('welcome', Array)
#1 /opt/bitnami/apache2/htdocs/expense-app/backend/vendor/laravel/framework/src/Illuminate/View/Factory.php(128): Illuminate\\View\\FileViewFinder->find('welcome')
#2 /opt/bitnami/apache2/htdocs/expense-app/backend/vendor/laravel/framework/src/Illuminate/Foundation/helpers.php(999): Illuminate\\View\\Factory->make('welcome', Array, Array)
#3 /opt/bitnami/apache2/htdocs/expense-app/backend/routes/web.php(15): view('welcome')
#4 /opt/bitnami/apache2/htdocs/expense-app/backend/vendor/laravel/framework/src/Illuminate/Routing/Route.php(198): Illuminate\\Routing\\Router->{closure}()
#5 /opt/bitnami/apache2/htdocs/expense-app/backend/vendor/laravel/framework/src/Illuminate/Routing/Route.php(172): Illuminate\\Routing\\Route->runCallable()
#6 /opt/bitnami/apache2/htdocs/expense-app/backend/vendor/laravel/framework/src/Illuminate/Routing/Router.php(659): Illuminate\\Routing\\Route->run()
#7 /opt/bitnami/apache2/htdocs/expense-app/backend/vendor/laravel/framework/src/Illuminate/Routing/Pipeline.php(30): Illuminate\\Routing\\Router->Illuminate\\Routing\\{closure}(Object(Illuminate\\Http\\Request))
#8 /opt/bitnami/apache2/htdocs/expense-app/backend/vendor/laravel/framework/src/Illuminate/Routing/Middleware/SubstituteBindings.php(41): Illuminate\\Routing\\Pipeline->Illuminate\\Routing\\{closure}(Object(Illuminate\\Http\\Request))
#9 /opt/bitnami/apache2/htdocs/expense-app/backend/vendor/laravel/framework/src/Illuminate/Pipeline/Pipeline.php(151): Illuminate\\Routing\\Middleware\\SubstituteBindings->handle(Object(Illuminate\\Http\\Request), Object(Closure))
#10 /opt/bitnami/apache2/htdocs/expense-app/backend/vendor/laravel/framework/src/Illuminate/Routing/Pipeline.php(53): Illuminate\\Pipeline\\Pipeline->Illuminate\\Pipeline\\{closure}(Object(Illuminate\\Http\\Request))
#11 /opt/bitnami/apache2/htdocs/expense-app/backend/vendor/laravel/framework/src/Illuminate/Foundation/Http/Middleware/VerifyCsrfToken.php(67): Illuminate\\Routing\\Pipeline->Illuminate\\Routing\\{closure}(Object(Illuminate\\Http\\Request))
#12 /opt/bitnami/apache2/htdocs/expense-app/backend/vendor/laravel/framework/src/Illuminate/Pipeline/Pipeline.php(151): Illuminate\\Foundation\\Http\\Middleware\\VerifyCsrfToken->handle(Object(Illuminate\\Http\\Request), Object(Closure))
#13 /opt/bitnami/apache2/htdocs/expense-app/backend/vendor/laravel/framework/src/Illuminate/Routing/Pipeline.php(53): Illuminate\\Pipeline\\Pipeline->Illuminate\\Pipeline\\{closure}(Object(Illuminate\\Http\\Request))
#14 /opt/bitnami/apache2/htdocs/expense-app/backend/vendor/laravel/framework/src/Illuminate/View/Middleware/ShareErrorsFromSession.php(49): Illuminate\\Routing\\Pipeline->Illuminate\\Routing\\{closure}(Object(Illuminate\\Http\\Request))
#15 /opt/bitnami/apache2/htdocs/expense-app/backend/vendor/laravel/framework/src/Illuminate/Pipeline/Pipeline.php(151): Illuminate\\View\\Middleware\\ShareErrorsFromSession->handle(Object(Illuminate\\Http\\Request), Object(Closure))
#16 /opt/bitnami/apache2/htdocs/expense-app/backend/vendor/laravel/framework/src/Illuminate/Routing/Pipeline.php(53): Illuminate\\Pipeline\\Pipeline->Illuminate\\Pipeline\\{closure}(Object(Illuminate\\Http\\Request))
#17 /opt/bitnami/apache2/htdocs/expense-app/backend/vendor/laravel/framework/src/Illuminate/Session/Middleware/StartSession.php(63): Illuminate\\Routing\\Pipeline->Illuminate\\Routing\\{closure}(Object(Illuminate\\Http\\Request))
#18 /opt/bitnami/apache2/htdocs/expense-app/backend/vendor/laravel/framework/src/Illuminate/Pipeline/Pipeline.php(151): Illuminate\\Session\\Middleware\\StartSession->handle(Object(Illuminate\\Http\\Request), Object(Closure))
#19 /opt/bitnami/apache2/htdocs/expense-app/backend/vendor/laravel/framework/src/Illuminate/Routing/Pipeline.php(53): Illuminate\\Pipeline\\Pipeline->Illuminate\\Pipeline\\{closure}(Object(Illuminate\\Http\\Request))
#20 /opt/bitnami/apache2/htdocs/expense-app/backend/vendor/laravel/framework/src/Illuminate/Cookie/Middleware/AddQueuedCookiesToResponse.php(37): Illuminate\\Routing\\Pipeline->Illuminate\\Routing\\{closure}(Object(Illuminate\\Http\\Request))
#21 /opt/bitnami/apache2/htdocs/expense-app/backend/vendor/laravel/framework/src/Illuminate/Pipeline/Pipeline.php(151): Illuminate\\Cookie\\Middleware\\AddQueuedCookiesToResponse->handle(Object(Illuminate\\Http\\Request), Object(Closure))
#22 /opt/bitnami/apache2/htdocs/expense-app/backend/vendor/laravel/framework/src/Illuminate/Routing/Pipeline.php(53): Illuminate\\Pipeline\\Pipeline->Illuminate\\Pipeline\\{closure}(Object(Illuminate\\Http\\Request))
#23 /opt/bitnami/apache2/htdocs/expense-app/backend/vendor/laravel/framework/src/Illuminate/Cookie/Middleware/EncryptCookies.php(59): Illuminate\\Routing\\Pipeline->Illuminate\\Routing\\{closure}(Object(Illuminate\\Http\\Request))
#24 /opt/bitnami/apache2/htdocs/expense-app/backend/vendor/laravel/framework/src/Illuminate/Pipeline/Pipeline.php(151): Illuminate\\Cookie\\Middleware\\EncryptCookies->handle(Object(Illuminate\\Http\\Request), Object(Closure))
#25 /opt/bitnami/apache2/htdocs/expense-app/backend/vendor/laravel/framework/src/Illuminate/Routing/Pipeline.php(53): Illuminate\\Pipeline\\Pipeline->Illuminate\\Pipeline\\{closure}(Object(Illuminate\\Http\\Request))
#26 /opt/bitnami/apache2/htdocs/expense-app/backend/vendor/laravel/framework/src/Illuminate/Pipeline/Pipeline.php(104): Illuminate\\Routing\\Pipeline->Illuminate\\Routing\\{closure}(Object(Illuminate\\Http\\Request))
#27 /opt/bitnami/apache2/htdocs/expense-app/backend/vendor/laravel/framework/src/Illuminate/Routing/Router.php(661): Illuminate\\Pipeline\\Pipeline->then(Object(Closure))
#28 /opt/bitnami/apache2/htdocs/expense-app/backend/vendor/laravel/framework/src/Illuminate/Routing/Router.php(636): Illuminate\\Routing\\Router->runRouteWithinStack(Object(Illuminate\\Routing\\Route), Object(Illuminate\\Http\\Request))
#29 /opt/bitnami/apache2/htdocs/expense-app/backend/vendor/laravel/framework/src/Illuminate/Routing/Router.php(602): Illuminate\\Routing\\Router->runRoute(Object(Illuminate\\Http\\Request), Object(Illuminate\\Routing\\Route))
#30 /opt/bitnami/apache2/htdocs/expense-app/backend/vendor/laravel/framework/src/Illuminate/Routing/Router.php(591): Illuminate\\Routing\\Router->dispatchToRoute(Object(Illuminate\\Http\\Request))
#31 /opt/bitnami/apache2/htdocs/expense-app/backend/vendor/laravel/framework/src/Illuminate/Foundation/Http/Kernel.php(176): Illuminate\\Routing\\Router->dispatch(Object(Illuminate\\Http\\Request))
#32 /opt/bitnami/apache2/htdocs/expense-app/backend/vendor/laravel/framework/src/Illuminate/Routing/Pipeline.php(30): Illuminate\\Foundation\\Http\\Kernel->Illuminate\\Foundation\\Http\\{closure}(Object(Illuminate\\Http\\Request))
#33 /opt/bitnami/apache2/htdocs/expense-app/backend/vendor/barryvdh/laravel-cors/src/HandleCors.php(36): Illuminate\\Routing\\Pipeline->Illuminate\\Routing\\{closure}(Object(Illuminate\\Http\\Request))
#34 /opt/bitnami/apache2/htdocs/expense-app/backend/vendor/laravel/framework/src/Illuminate/Pipeline/Pipeline.php(151): Barryvdh\\Cors\\HandleCors->handle(Object(Illuminate\\Http\\Request), Object(Closure))
#35 /opt/bitnami/apache2/htdocs/expense-app/backend/vendor/laravel/framework/src/Illuminate/Routing/Pipeline.php(53): Illuminate\\Pipeline\\Pipeline->Illuminate\\Pipeline\\{closure}(Object(Illuminate\\Http\\Request))
#36 /opt/bitnami/apache2/htdocs/expense-app/backend/vendor/fideloper/proxy/src/TrustProxies.php(57): Illuminate\\Routing\\Pipeline->Illuminate\\Routing\\{closure}(Object(Illuminate\\Http\\Request))
#37 /opt/bitnami/apache2/htdocs/expense-app/backend/vendor/laravel/framework/src/Illuminate/Pipeline/Pipeline.php(151): Fideloper\\Proxy\\TrustProxies->handle(Object(Illuminate\\Http\\Request), Object(Closure))
#38 /opt/bitnami/apache2/htdocs/expense-app/backend/vendor/laravel/framework/src/Illuminate/Routing/Pipeline.php(53): Illuminate\\Pipeline\\Pipeline->Illuminate\\Pipeline\\{closure}(Object(Illuminate\\Http\\Request))
#39 /opt/bitnami/apache2/htdocs/expense-app/backend/vendor/laravel/framework/src/Illuminate/Foundation/Http/Middleware/TransformsRequest.php(31): Illuminate\\Routing\\Pipeline->Illuminate\\Routing\\{closure}(Object(Illuminate\\Http\\Request))
#40 /opt/bitnami/apache2/htdocs/expense-app/backend/vendor/laravel/framework/src/Illuminate/Pipeline/Pipeline.php(151): Illuminate\\Foundation\\Http\\Middleware\\TransformsRequest->handle(Object(Illuminate\\Http\\Request), Object(Closure))
#41 /opt/bitnami/apache2/htdocs/expense-app/backend/vendor/laravel/framework/src/Illuminate/Routing/Pipeline.php(53): Illuminate\\Pipeline\\Pipeline->Illuminate\\Pipeline\\{closure}(Object(Illuminate\\Http\\Request))
#42 /opt/bitnami/apache2/htdocs/expense-app/backend/vendor/laravel/framework/src/Illuminate/Foundation/Http/Middleware/TransformsRequest.php(31): Illuminate\\Routing\\Pipeline->Illuminate\\Routing\\{closure}(Object(Illuminate\\Http\\Request))
#43 /opt/bitnami/apache2/htdocs/expense-app/backend/vendor/laravel/framework/src/Illuminate/Pipeline/Pipeline.php(151): Illuminate\\Foundation\\Http\\Middleware\\TransformsRequest->handle(Object(Illuminate\\Http\\Request), Object(Closure))
#44 /opt/bitnami/apache2/htdocs/expense-app/backend/vendor/laravel/framework/src/Illuminate/Routing/Pipeline.php(53): Illuminate\\Pipeline\\Pipeline->Illuminate\\Pipeline\\{closure}(Object(Illuminate\\Http\\Request))
#45 /opt/bitnami/apache2/htdocs/expense-app/backend/vendor/laravel/framework/src/Illuminate/Foundation/Http/Middleware/ValidatePostSize.php(27): Illuminate\\Routing\\Pipeline->Illuminate\\Routing\\{closure}(Object(Illuminate\\Http\\Request))
#46 /opt/bitnami/apache2/htdocs/expense-app/backend/vendor/laravel/framework/src/Illuminate/Pipeline/Pipeline.php(151): Illuminate\\Foundation\\Http\\Middleware\\ValidatePostSize->handle(Object(Illuminate\\Http\\Request), Object(Closure))
#47 /opt/bitnami/apache2/htdocs/expense-app/backend/vendor/laravel/framework/src/Illuminate/Routing/Pipeline.php(53): Illuminate\\Pipeline\\Pipeline->Illuminate\\Pipeline\\{closure}(Object(Illuminate\\Http\\Request))
#48 /opt/bitnami/apache2/htdocs/expense-app/backend/vendor/laravel/framework/src/Illuminate/Foundation/Http/Middleware/CheckForMaintenanceMode.php(51): Illuminate\\Routing\\Pipeline->Illuminate\\Routing\\{closure}(Object(Illuminate\\Http\\Request))
#49 /opt/bitnami/apache2/htdocs/expense-app/backend/vendor/laravel/framework/src/Illuminate/Pipeline/Pipeline.php(151): Illuminate\\Foundation\\Http\\Middleware\\CheckForMaintenanceMode->handle(Object(Illuminate\\Http\\Request), Object(Closure))
#50 /opt/bitnami/apache2/htdocs/expense-app/backend/vendor/laravel/framework/src/Illuminate/Routing/Pipeline.php(53): Illuminate\\Pipeline\\Pipeline->Illuminate\\Pipeline\\{closure}(Object(Illuminate\\Http\\Request))
#51 /opt/bitnami/apache2/htdocs/expense-app/backend/vendor/laravel/framework/src/Illuminate/Pipeline/Pipeline.php(104): Illuminate\\Routing\\Pipeline->Illuminate\\Routing\\{closure}(Object(Illuminate\\Http\\Request))
#52 /opt/bitnami/apache2/htdocs/expense-app/backend/vendor/laravel/framework/src/Illuminate/Foundation/Http/Kernel.php(151): Illuminate\\Pipeline\\Pipeline->then(Object(Closure))
#53 /opt/bitnami/apache2/htdocs/expense-app/backend/vendor/laravel/framework/src/Illuminate/Foundation/Http/Kernel.php(116): Illuminate\\Foundation\\Http\\Kernel->sendRequestThroughRouter(Object(Illuminate\\Http\\Request))
#54 /opt/bitnami/apache2/htdocs/expense-app/backend/public/index.php(55): Illuminate\\Foundation\\Http\\Kernel->handle(Object(Illuminate\\Http\\Request))
#55 {main}
"} 
[2018-07-25 10:43:13] local.ERROR: file_put_contents(C:\xampp\htdocs\Expense Management\backend\storage\framework/sessions/g6b2Jslw9Pg0yAcSjkT3PnOIc4sdX2ndKMZAskAP): failed to open stream: No such file or directory {"exception":"[object] (ErrorException(code: 0): file_put_contents(C:\\xampp\\htdocs\\Expense Management\\backend\\storage\\framework/sessions/g6b2Jslw9Pg0yAcSjkT3PnOIc4sdX2ndKMZAskAP): failed to open stream: No such file or directory at /opt/bitnami/apache2/htdocs/expense-app/backend/vendor/laravel/framework/src/Illuminate/Filesystem/Filesystem.php:122)
[stacktrace]
#0 [internal function]: Illuminate\\Foundation\\Bootstrap\\HandleExceptions->handleError(2, 'file_put_conten...', '/opt/bitnami/ap...', 122, Array)
#1 /opt/bitnami/apache2/htdocs/expense-app/backend/vendor/laravel/framework/src/Illuminate/Filesystem/Filesystem.php(122): file_put_contents('C:\\\\xampp\\\\htdocs...', 'a:3:{s:6:\"_toke...', 2)
#2 /opt/bitnami/apache2/htdocs/expense-app/backend/vendor/laravel/framework/src/Illuminate/Session/FileSessionHandler.php(83): Illuminate\\Filesystem\\Filesystem->put('C:\\\\xampp\\\\htdocs...', 'a:3:{s:6:\"_toke...', true)
#3 /opt/bitnami/apache2/htdocs/expense-app/backend/vendor/laravel/framework/src/Illuminate/Session/Store.php(129): Illuminate\\Session\\FileSessionHandler->write('g6b2Jslw9Pg0yAc...', 'a:3:{s:6:\"_toke...')
#4 /opt/bitnami/apache2/htdocs/expense-app/backend/vendor/laravel/framework/src/Illuminate/Session/Middleware/StartSession.php(87): Illuminate\\Session\\Store->save()
#5 /opt/bitnami/apache2/htdocs/expense-app/backend/vendor/laravel/framework/src/Illuminate/Foundation/Http/Kernel.php(218): Illuminate\\Session\\Middleware\\StartSession->terminate(Object(Illuminate\\Http\\Request), Object(Illuminate\\Http\\Response))
#6 /opt/bitnami/apache2/htdocs/expense-app/backend/vendor/laravel/framework/src/Illuminate/Foundation/Http/Kernel.php(189): Illuminate\\Foundation\\Http\\Kernel->terminateMiddleware(Object(Illuminate\\Http\\Request), Object(Illuminate\\Http\\Response))
#7 /opt/bitnami/apache2/htdocs/expense-app/backend/public/index.php(60): Illuminate\\Foundation\\Http\\Kernel->terminate(Object(Illuminate\\Http\\Request), Object(Illuminate\\Http\\Response))
#8 {main}
"} 
